[2018-11-16 02:31:22] local.ERROR: syntax error, unexpected end of file {"exception":"[object] (Symfony\\Component\\Debug\\Exception\\FatalThrowableError(code: 0): syntax error, unexpected end of file at C:\\xampp\\Laravel\\Indonesia-Creative\outes\\web.php:24)
[stacktrace]
#0 C:\\xampp\\Laravel\\Indonesia-Creative\\vendor\\laravel\\framework\\src\\Illuminate\\Routing\\Router.php(370): Illuminate\\Routing\\Router->loadRoutes('C:\\\\xampp\\\\Larave...')
#1 C:\\xampp\\Laravel\\Indonesia-Creative\\vendor\\laravel\\framework\\src\\Illuminate\\Routing\\RouteRegistrar.php(121): Illuminate\\Routing\\Router->group(Array, 'C:\\\\xampp\\\\Larave...')
#2 C:\\xampp\\Laravel\\Indonesia-Creative\\app\\Providers\\RouteServiceProvider.php(56): Illuminate\\Routing\\RouteRegistrar->group('C:\\\\xampp\\\\Larave...')
#3 C:\\xampp\\Laravel\\Indonesia-Creative\\app\\Providers\\RouteServiceProvider.php(40): App\\Providers\\RouteServiceProvider->mapWebRoutes()
#4 [internal function]: App\\Providers\\RouteServiceProvider->map()
#5 C:\\xampp\\Laravel\\Indonesia-Creative\\vendor\\laravel\\framework\\src\\Illuminate\\Container\\BoundMethod.php(29): call_user_func_array(Array, Array)
#6 C:\\xampp\\Laravel\\Indonesia-Creative\\vendor\\laravel\\framework\\src\\Illuminate\\Container\\BoundMethod.php(87): Illuminate\\Container\\BoundMethod::Illuminate\\Container\\{closure}()
#7 C:\\xampp\\Laravel\\Indonesia-Creative\\vendor\\laravel\\framework\\src\\Illuminate\\Container\\BoundMethod.php(31): Illuminate\\Container\\BoundMethod::callBoundMethod(Object(Illuminate\\Foundation\\Application), Array, Object(Closure))
#8 C:\\xampp\\Laravel\\Indonesia-Creative\\vendor\\laravel\\framework\\src\\Illuminate\\Container\\Container.php(572): Illuminate\\Container\\BoundMethod::call(Object(Illuminate\\Foundation\\Application), Array, Array, NULL)
#9 C:\\xampp\\Laravel\\Indonesia-Creative\\vendor\\laravel\\framework\\src\\Illuminate\\Foundation\\Support\\Providers\\RouteServiceProvider.php(77): Illuminate\\Container\\Container->call(Array)
#10 C:\\xampp\\Laravel\\Indonesia-Creative\\vendor\\laravel\\framework\\src\\Illuminate\\Foundation\\Support\\Providers\\RouteServiceProvider.php(36): Illuminate\\Foundation\\Support\\Providers\\RouteServiceProvider->loadRoutes()
#11 C:\\xampp\\Laravel\\Indonesia-Creative\\app\\Providers\\RouteServiceProvider.php(28): Illuminate\\Foundation\\Support\\Providers\\RouteServiceProvider->boot()
#12 [internal function]: App\\Providers\\RouteServiceProvider->boot()
#13 C:\\xampp\\Laravel\\Indonesia-Creative\\vendor\\laravel\\framework\\src\\Illuminate\\Container\\BoundMethod.php(29): call_user_func_array(Array, Array)
#14 C:\\xampp\\Laravel\\Indonesia-Creative\\vendor\\laravel\\framework\\src\\Illuminate\\Container\\BoundMethod.php(87): Illuminate\\Container\\BoundMethod::Illuminate\\Container\\{closure}()
#15 C:\\xampp\\Laravel\\Indonesia-Creative\\vendor\\laravel\\framework\\src\\Illuminate\\Container\\BoundMethod.php(31): Illuminate\\Container\\BoundMethod::callBoundMethod(Object(Illuminate\\Foundation\\Application), Array, Object(Closure))
#16 C:\\xampp\\Laravel\\Indonesia-Creative\\vendor\\laravel\\framework\\src\\Illuminate\\Container\\Container.php(572): Illuminate\\Container\\BoundMethod::call(Object(Illuminate\\Foundation\\Application), Array, Array, NULL)
#17 C:\\xampp\\Laravel\\Indonesia-Creative\\vendor\\laravel\\framework\\src\\Illuminate\\Foundation\\Application.php(793): Illuminate\\Container\\Container->call(Array)
#18 C:\\xampp\\Laravel\\Indonesia-Creative\\vendor\\laravel\\framework\\src\\Illuminate\\Foundation\\Application.php(776): Illuminate\\Foundation\\Application->bootProvider(Object(App\\Providers\\RouteServiceProvider))
#19 [internal function]: Illuminate\\Foundation\\Application->Illuminate\\Foundation\\{closure}(Object(App\\Providers\\RouteServiceProvider), 20)
#20 C:\\xampp\\Laravel\\Indonesia-Creative\\vendor\\laravel\\framework\\src\\Illuminate\\Foundation\\Application.php(777): array_walk(Array, Object(Closure))
#21 C:\\xampp\\Laravel\\Indonesia-Creative\\vendor\\laravel\\framework\\src\\Illuminate\\Foundation\\Bootstrap\\BootProviders.php(17): Illuminate\\Foundation\\Application->boot()
#22 C:\\xampp\\Laravel\\Indonesia-Creative\\vendor\\laravel\\framework\\src\\Illuminate\\Foundation\\Application.php(206): Illuminate\\Foundation\\Bootstrap\\BootProviders->bootstrap(Object(Illuminate\\Foundation\\Application))
#23 C:\\xampp\\Laravel\\Indonesia-Creative\\vendor\\laravel\\framework\\src\\Illuminate\\Foundation\\Http\\Kernel.php(162): Illuminate\\Foundation\\Application->bootstrapWith(Array)
#24 C:\\xampp\\Laravel\\Indonesia-Creative\\vendor\\laravel\\framework\\src\\Illuminate\\Foundation\\Http\\Kernel.php(146): Illuminate\\Foundation\\Http\\Kernel->bootstrap()
#25 C:\\xampp\\Laravel\\Indonesia-Creative\\vendor\\laravel\\framework\\src\\Illuminate\\Foundation\\Http\\Kernel.php(116): Illuminate\\Foundation\\Http\\Kernel->sendRequestThroughRouter(Object(Illuminate\\Http\\Request))
#26 C:\\xampp\\Laravel\\Indonesia-Creative\\public\\index.php(55): Illuminate\\Foundation\\Http\\Kernel->handle(Object(Illuminate\\Http\\Request))
#27 C:\\xampp\\Laravel\\Indonesia-Creative\\server.php(21): require_once('C:\\\\xampp\\\\Larave...')
#28 {main}
"} 
[2018-11-16 13:27:16] local.ERROR: Class 'Collective\Html\HtmlServiceProvider' not found {"exception":"[object] (Symfony\\Component\\Debug\\Exception\\FatalThrowableError(code: 0): Class 'Collective\\Html\\HtmlServiceProvider' not found at C:\\xampp\\htdocs\\Indonesia-Creative\\vendor\\laravel\\framework\\src\\Illuminate\\Foundation\\Application.php:707)
[stacktrace]
#0 C:\\xampp\\htdocs\\Indonesia-Creative\\vendor\\laravel\\framework\\src\\Illuminate\\Foundation\\Application.php(687): Illuminate\\Foundation\\Application->registerDeferredProvider('Collective\\\\Html...', 'html')
#1 C:\\xampp\\htdocs\\Indonesia-Creative\\vendor\\laravel\\framework\\src\\Illuminate\\Foundation\\Application.php(663): Illuminate\\Foundation\\Application->loadDeferredProvider('html')
#2 C:\\xampp\\htdocs\\Indonesia-Creative\\vendor\\laravel\\framework\\src\\Illuminate\\Foundation\\Console\\Kernel.php(300): Illuminate\\Foundation\\Application->loadDeferredProviders()
#3 C:\\xampp\\htdocs\\Indonesia-Creative\\vendor\\laravel\\framework\\src\\Illuminate\\Foundation\\Console\\Kernel.php(120): Illuminate\\Foundation\\Console\\Kernel->bootstrap()
#4 C:\\xampp\\htdocs\\Indonesia-Creative\\artisan(37): Illuminate\\Foundation\\Console\\Kernel->handle(Object(Symfony\\Component\\Console\\Input\\ArgvInput), Object(Symfony\\Component\\Console\\Output\\ConsoleOutput))
#5 {main}
"} 
[2018-11-16 13:27:53] local.ERROR: Class 'Collective\Html\HtmlServiceProvider' not found {"exception":"[object] (Symfony\\Component\\Debug\\Exception\\FatalThrowableError(code: 0): Class 'Collective\\Html\\HtmlServiceProvider' not found at C:\\xampp\\htdocs\\Indonesia-Creative\\vendor\\laravel\\framework\\src\\Illuminate\\Foundation\\Application.php:707)
[stacktrace]
#0 C:\\xampp\\htdocs\\Indonesia-Creative\\vendor\\laravel\\framework\\src\\Illuminate\\Foundation\\Application.php(687): Illuminate\\Foundation\\Application->registerDeferredProvider('Collective\\\\Html...', 'html')
#1 C:\\xampp\\htdocs\\Indonesia-Creative\\vendor\\laravel\\framework\\src\\Illuminate\\Foundation\\Application.php(663): Illuminate\\Foundation\\Application->loadDeferredProvider('html')
#2 C:\\xampp\\htdocs\\Indonesia-Creative\\vendor\\laravel\\framework\\src\\Illuminate\\Foundation\\Console\\Kernel.php(300): Illuminate\\Foundation\\Application->loadDeferredProviders()
#3 C:\\xampp\\htdocs\\Indonesia-Creative\\vendor\\laravel\\framework\\src\\Illuminate\\Foundation\\Console\\Kernel.php(120): Illuminate\\Foundation\\Console\\Kernel->bootstrap()
#4 C:\\xampp\\htdocs\\Indonesia-Creative\\artisan(37): Illuminate\\Foundation\\Console\\Kernel->handle(Object(Symfony\\Component\\Console\\Input\\ArgvInput), Object(Symfony\\Component\\Console\\Output\\ConsoleOutput))
#5 {main}
"} 
[2018-11-16 13:27:55] local.ERROR: Class 'Collective\Html\HtmlServiceProvider' not found {"exception":"[object] (Symfony\\Component\\Debug\\Exception\\FatalThrowableError(code: 0): Class 'Collective\\Html\\HtmlServiceProvider' not found at C:\\xampp\\htdocs\\Indonesia-Creative\\vendor\\laravel\\framework\\src\\Illuminate\\Foundation\\Application.php:707)
[stacktrace]
#0 C:\\xampp\\htdocs\\Indonesia-Creative\\vendor\\laravel\\framework\\src\\Illuminate\\Foundation\\Application.php(687): Illuminate\\Foundation\\Application->registerDeferredProvider('Collective\\\\Html...', 'html')
#1 C:\\xampp\\htdocs\\Indonesia-Creative\\vendor\\laravel\\framework\\src\\Illuminate\\Foundation\\Application.php(663): Illuminate\\Foundation\\Application->loadDeferredProvider('html')
#2 C:\\xampp\\htdocs\\Indonesia-Creative\\vendor\\laravel\\framework\\src\\Illuminate\\Foundation\\Console\\Kernel.php(300): Illuminate\\Foundation\\Application->loadDeferredProviders()
#3 C:\\xampp\\htdocs\\Indonesia-Creative\\vendor\\laravel\\framework\\src\\Illuminate\\Foundation\\Console\\Kernel.php(120): Illuminate\\Foundation\\Console\\Kernel->bootstrap()
#4 C:\\xampp\\htdocs\\Indonesia-Creative\\artisan(37): Illuminate\\Foundation\\Console\\Kernel->handle(Object(Symfony\\Component\\Console\\Input\\ArgvInput), Object(Symfony\\Component\\Console\\Output\\ConsoleOutput))
#5 {main}
"} 
